#
# A fatal error has been detected by the Java Runtime Environment:
#
#  EXCEPTION_ACCESS_VIOLATION (0xc0000005) at pc=0x00007ffa8ea3263f, pid=10064, tid=20716
#
# JRE version: OpenJDK Runtime Environment Temurin-21.0.5+11 (21.0.5+11) (build 21.0.5+11-LTS)
# Java VM: OpenJDK 64-Bit Server VM Temurin-21.0.5+11 (21.0.5+11-LTS, mixed mode, sharing, tiered, compressed oops, compressed class ptrs, parallel gc, windows-amd64)
# Problematic frame:
# V  [jvm.dll+0x1e263f]
#
# No core dump will be written. Minidumps are not enabled by default on client versions of Windows
#
# If you would like to submit a bug report, please visit:
#   https://github.com/adoptium/adoptium-support/issues
#

---------------  S U M M A R Y ------------

Command Line: --add-modules=ALL-SYSTEM --add-opens=java.base/java.util=ALL-UNNAMED --add-opens=java.base/java.lang=ALL-UNNAMED --add-opens=java.base/sun.nio.fs=ALL-UNNAMED -Declipse.application=org.eclipse.jdt.ls.core.id1 -Dosgi.bundles.defaultStartLevel=4 -Declipse.product=org.eclipse.jdt.ls.core.product -Djava.import.generatesMetadataFilesAtProjectRoot=false -DDetectVMInstallationsJob.disabled=true -Dfile.encoding=utf8 -XX:+UseParallelGC -XX:GCTimeRatio=4 -XX:AdaptiveSizePolicyWeight=90 -Dsun.zip.disableMemoryMapping=true -Xmx1G -Xms100m -Xlog:disable -javaagent:c:\Users\ucasa\.vscode\extensions\redhat.java-1.39.0-win32-x64\lombok\lombok-1.18.34.jar -XX:+HeapDumpOnOutOfMemoryError -XX:HeapDumpPath=c:\Users\ucasa\AppData\Roaming\Code\User\workspaceStorage\25ad30e44756727551485f225a39adc6\redhat.java -Daether.dependencyCollector.impl=bf c:\Users\ucasa\.vscode\extensions\redhat.java-1.39.0-win32-x64\server\plugins\org.eclipse.equinox.launcher_1.6.900.v20240613-2009.jar -configuration c:\Users\ucasa\AppData\Roaming\Code\User\globalStorage\redhat.java\1.39.0\config_win -data c:\Users\ucasa\AppData\Roaming\Code\User\workspaceStorage\25ad30e44756727551485f225a39adc6\redhat.java\jdt_ws --pipe=\\.\pipe\lsp-0b2b4099b0be27452ec8f5bfde855718-sock

Host: AMD Ryzen 7 5700X 8-Core Processor             , 16 cores, 15G,  Windows 11 , 64 bit Build 26100 (10.0.26100.3037)
Time: Thu Jan 30 20:44:57 2025 Hora oficial do Brasil elapsed time: 5.428747 seconds (0d 0h 0m 5s)

---------------  T H R E A D  ---------------

Current thread (0x0000024ef4848e10):  JavaThread "C2 CompilerThread0" daemon [_thread_in_native, id=20716, stack(0x000000b460200000,0x000000b460300000) (1024K)]


Current CompileTask:
C2:5428 6043       4       jdk.internal.jimage.ImageLocation::getFullName (109 bytes)

Stack: [0x000000b460200000,0x000000b460300000],  sp=0x000000b4602fc960,  free space=1010k
Native frames: (J=compiled Java code, j=interpreted, Vv=VM code, C=native code)
V  [jvm.dll+0x1e263f]
V  [jvm.dll+0x1dfa75]
V  [jvm.dll+0x247b22]
V  [jvm.dll+0x246faf]
V  [jvm.dll+0x1c75ce]
V  [jvm.dll+0x25682a]
V  [jvm.dll+0x254dca]
V  [jvm.dll+0x3f00d6]
V  [jvm.dll+0x8514fb]
V  [jvm.dll+0x6cbbed]
C  [ucrtbase.dll+0x37b0]
C  [KERNEL32.DLL+0x2e8d7]
C  [ntdll.dll+0xbbf2c]


siginfo: EXCEPTION_ACCESS_VIOLATION (0xc0000005), reading address 0xffffffffffffffff


Registers:
RAX=0x0000024efdc7aa20, RBX=0x0000000000000002, RCX=0xafa4e080a5e0a4a4, RDX=0x0000000000000000
RSP=0x000000b4602fc960, RBP=0x0000024efa2adeb0, RSI=0x000000b4602fce70, RDI=0xffffffffffffffff
R8 =0x00000000ffffffff, R9 =0x0000000000000000, R10=0x0000000000000008, R11=0x3333333333333333
R12=0x0000000000000001, R13=0x0000000000000008, R14=0x0000024ecb769088, R15=0x0000024efd1854b0
RIP=0x00007ffa8ea3263f, EFLAGS=0x0000000000010297


Register to memory mapping:

RAX=0x0000024efdc7aa20 points into unknown readable memory: 0x0000000000000000 | 00 00 00 00 00 00 00 00
RBX=0x0000000000000002 is an unknown value
RCX=0xafa4e080a5e0a4a4 is an unknown value
RDX=0x0 is null
RSP=0x000000b4602fc960 is pointing into the stack for thread: 0x0000024ef4848e10
RBP=0x0000024efa2adeb0 points into unknown readable memory: 0x00007ffa8f239748 | 48 97 23 8f fa 7f 00 00
RSI=0x000000b4602fce70 is pointing into the stack for thread: 0x0000024ef4848e10
RDI=0xffffffffffffffff is an unknown value
R8 =0x00000000ffffffff is an unallocated location in the heap
R9 =0x0 is null
R10=0x0000000000000008 is an unknown value
R11=0x3333333333333333 is an unknown value
R12=0x0000000000000001 is an unknown value
R13=0x0000000000000008 is an unknown value
R14=0x0000024ecb769088 points into unknown readable memory: 0x00007ffa8f26d778 | 78 d7 26 8f fa 7f 00 00
R15=0x0000024efd1854b0 points into unknown readable memory: 0xffffffff3f0fffff | ff ff 0f 3f ff ff ff ff

Top of Stack: (sp=0x000000b4602fc960)
0x000000b4602fc960:   0000024ecde46b40 00000000000003e7
0x000000b4602fc970:   0000024efa2adeb0 0000024efa2b4138
0x000000b4602fc980:   0000022700000009 000000b400000002
0x000000b4602fc990:   0000024efa2adeb0 00007ffa8ef41880
0x000000b4602fc9a0:   0000000000000000 0000000000000000
0x000000b4602fc9b0:   0000000000042f20 0000024efc4d2d40
0x000000b4602fc9c0:   000000b4602fcf50 0000000000000001
0x000000b4602fc9d0:   0000024efc4d2d50 00000000000003d8
0x000000b4602fc9e0:   0000024efc4d3128 000000b4602fcb00
0x000000b4602fc9f0:   000000b4602fce70 00007ffa8ea2fa75
0x000000b4602fca00:   000000b4602fce70 000000b4602fce00
0x000000b4602fca10:   000000b4602fcb00 00000000ffffffff
0x000000b4602fca20:   0000000000000000 0000000000000000
0x000000b4602fca30:   0000000000000007 0000024efc4d2d40
0x000000b4602fca40:   0000024ecde0af90 0000024ecde4df70
0x000000b4602fca50:   0000024ecde4df70 0000000000080208
0x000000b4602fca60:   0000024efc4d2d50 0000000000000000
0x000000b4602fca70:   0000000000000000 0000000000000000
0x000000b4602fca80:   0000000000000010 0000000000005000
0x000000b4602fca90:   0000024ef483cd00 00007ffa8f24dea0
0x000000b4602fcaa0:   0000000000000000 0000000000000000
0x000000b4602fcab0:   0000000000000000 00007ffa8f24dea0
0x000000b4602fcac0:   0000000000007f00 00007ffa8e914f7e
0x000000b4602fcad0:   00007ffa0000000c 000000b4602fe350
0x000000b4602fcae0:   0000024eca7990c0 0000024ef483cd00
0x000000b4602fcaf0:   0000024ecde0afa0 0000024e00000617
0x000000b4602fcb00:   000000b4602fca30 0000024efc4d2d50
0x000000b4602fcb10:   0000000000004cf0 0000000000000000
0x000000b4602fcb20:   0000000000007fd8 00007ffa8e915543
0x000000b4602fcb30:   0000024ec1443500 0000024ef483cd00
0x000000b4602fcb40:   000000000000000a 000000b4602fe350
0x000000b4602fcb50:   0000000000000000 0000000000000000 

Instructions: (pc=0x00007ffa8ea3263f)
0x00007ffa8ea3253f:   48 8b b4 24 a0 00 00 00 48 8b e8 66 c7 83 9c 00
0x00007ffa8ea3254f:   00 00 08 00 66 44 89 ab a4 00 00 00 eb 55 48 8b
0x00007ffa8ea3255f:   b4 24 a0 00 00 00 48 8b e8 66 c7 83 9c 00 00 00
0x00007ffa8ea3256f:   10 00 66 44 89 ab a4 00 00 00 eb 37 49 8b cf e8
0x00007ffa8ea3257f:   cd 85 53 00 48 8b b4 24 a0 00 00 00 48 8b 6c 24
0x00007ffa8ea3258f:   30 66 89 83 9c 00 00 00 66 89 83 a4 00 00 00 81
0x00007ffa8ea3259f:   8b a8 00 00 00 00 04 00 00 81 8b a8 00 00 00 80
0x00007ffa8ea325af:   00 00 00 44 0f b6 8c 24 a8 00 00 00 41 b8 ff ff
0x00007ffa8ea325bf:   ff ff 41 8b 5e 18 89 5c 24 28 44 89 84 24 b8 00
0x00007ffa8ea325cf:   00 00 45 84 c9 74 38 49 8b 06 49 8b ce ff 90 b8
0x00007ffa8ea325df:   00 00 00 89 84 24 b8 00 00 00 44 8b c0 83 f8 ff
0x00007ffa8ea325ef:   74 14 8b d0 49 8b ce e8 85 eb 42 00 44 8b c0 89
0x00007ffa8ea325ff:   84 24 b8 00 00 00 44 0f b6 8c 24 a8 00 00 00 44
0x00007ffa8ea3260f:   3b e3 0f 83 2c 02 00 00 41 8b c4 4c 8d 2c c5 00
0x00007ffa8ea3261f:   00 00 00 0f 1f 40 00 66 66 0f 1f 84 00 00 00 00
0x00007ffa8ea3262f:   00 49 8b 46 08 4a 8b 0c 28 48 8b 86 08 01 00 00
0x00007ffa8ea3263f:   48 63 51 28 8b 1c 90 85 db 0f 84 cc 01 00 00 45
0x00007ffa8ea3264f:   84 c9 74 11 45 3b c4 75 0c 49 8b 06 49 8b ce ff
0x00007ffa8ea3265f:   90 e0 00 00 00 80 bc 24 b0 00 00 00 00 74 17 80
0x00007ffa8ea3266f:   be 18 01 00 00 00 74 0e 41 0f b7 46 3a 44 3b e0
0x00007ffa8ea3267f:   0f 83 95 01 00 00 48 8b 46 70 41 8b d4 48 69 fb
0x00007ffa8ea3268f:   b0 00 00 00 49 8b ce 48 03 78 20 49 8b 06 ff 90
0x00007ffa8ea3269f:   88 00 00 00 80 bc 24 a8 00 00 00 00 4c 8b f8 75
0x00007ffa8ea326af:   2c 49 8b 4e 08 f2 0f 10 4d 08 f2 0f 59 ce 4a 8b
0x00007ffa8ea326bf:   14 29 48 8b 4e 48 44 8b 42 28 48 8b 51 78 4a 8b
0x00007ffa8ea326cf:   0c c2 f2 0f 10 41 08 66 0f 2f c1 77 4b 8b 97 90
0x00007ffa8ea326df:   00 00 00 8b 87 94 00 00 00 3b d0 77 1b 0f 1f 40
0x00007ffa8ea326ef:   00 8b ca ff c2 49 8b 04 cf 48 21 44 cf 38 8b 87
0x00007ffa8ea326ff:   94 00 00 00 3b d0 76 e9 41 8b 4f 58 39 8f 90 00
0x00007ffa8ea3270f:   00 00 73 06 89 8f 90 00 00 00 41 8b 4f 5c 3b c1
0x00007ffa8ea3271f:   76 06 89 8f 94 00 00 00 49 8b 46 08 4a 8b 0c 28
0x00007ffa8ea3272f:   48 8b 01 ff 50 70 8b c8 8b d8 e8 a2 89 53 00 8b 


Stack slot to memory mapping:

stack at sp + 0 slots: 0x0000024ecde46b40 points into unknown readable memory: 0x0000000000000000 | 00 00 00 00 00 00 00 00
stack at sp + 1 slots: 0x00000000000003e7 is an unknown value
stack at sp + 2 slots: 0x0000024efa2adeb0 points into unknown readable memory: 0x00007ffa8f239748 | 48 97 23 8f fa 7f 00 00
stack at sp + 3 slots: 0x0000024efa2b4138 points into unknown readable memory: 0x00007ffa8f239748 | 48 97 23 8f fa 7f 00 00
stack at sp + 4 slots: 0x0000022700000009 is an unknown value
stack at sp + 5 slots: 0x000000b400000002 is an unknown value
stack at sp + 6 slots: 0x0000024efa2adeb0 points into unknown readable memory: 0x00007ffa8f239748 | 48 97 23 8f fa 7f 00 00
stack at sp + 7 slots: 0x00007ffa8ef41880 jvm.dll


---------------  P R O C E S S  ---------------

Threads class SMR info:
_java_thread_list=0x0000024efd266910, length=57, elements={
0x0000024edccca360, 0x0000024ef4838370, 0x0000024ef317d010, 0x0000024ef483c160,
0x0000024ef483dcc0, 0x0000024ef4846070, 0x0000024ef4853f80, 0x0000024ef4848e10,
0x0000024ef487bcf0, 0x0000024edcd38a20, 0x0000024ef497b190, 0x0000024ef497da70,
0x0000024ef497aac0, 0x0000024ef4b9ee00, 0x0000024efad0ece0, 0x0000024efad0f370,
0x0000024efad11440, 0x0000024efad0fa00, 0x0000024efad0e650, 0x0000024efad10090,
0x0000024efad10720, 0x0000024efad10db0, 0x0000024efad0dfc0, 0x0000024efb5d26b0,
0x0000024efb5d3a60, 0x0000024ef497b860, 0x0000024ef497bf30, 0x0000024efb5d2d40,
0x0000024efb5d1990, 0x0000024efb5d4e10, 0x0000024efb5d33d0, 0x0000024efb5d2020,
0x0000024efb5d54a0, 0x0000024efb5d40f0, 0x0000024efb5d5b30, 0x0000024efb5d61c0,
0x0000024efb5d6850, 0x0000024efb5d6ee0, 0x0000024efb5d7570, 0x0000024efb5d7c00,
0x0000024efb5d4780, 0x0000024efb5d8920, 0x0000024efb5d8290, 0x0000024efb5d8fb0,
0x0000024efd524c20, 0x0000024efd5231e0, 0x0000024efd523870, 0x0000024efd522b50,
0x0000024ef497e140, 0x0000024ef497c600, 0x0000024ef497ccd0, 0x0000024efe68ebe0,
0x0000024efd525940, 0x0000024efd5224c0, 0x0000024efd526cf0, 0x0000024efd527380,
0x0000024efe68c9d0
}

Java Threads: ( => current thread )
  0x0000024edccca360 JavaThread "main"                              [_thread_blocked, id=16256, stack(0x000000b45f800000,0x000000b45f900000) (1024K)]
  0x0000024ef4838370 JavaThread "Reference Handler"          daemon [_thread_blocked, id=20240, stack(0x000000b45fc00000,0x000000b45fd00000) (1024K)]
  0x0000024ef317d010 JavaThread "Finalizer"                  daemon [_thread_blocked, id=17492, stack(0x000000b45fd00000,0x000000b45fe00000) (1024K)]
  0x0000024ef483c160 JavaThread "Signal Dispatcher"          daemon [_thread_blocked, id=19284, stack(0x000000b45fe00000,0x000000b45ff00000) (1024K)]
  0x0000024ef483dcc0 JavaThread "Attach Listener"            daemon [_thread_blocked, id=4304, stack(0x000000b45ff00000,0x000000b460000000) (1024K)]
  0x0000024ef4846070 JavaThread "Service Thread"             daemon [_thread_blocked, id=12840, stack(0x000000b460000000,0x000000b460100000) (1024K)]
  0x0000024ef4853f80 JavaThread "Monitor Deflation Thread"   daemon [_thread_blocked, id=1284, stack(0x000000b460100000,0x000000b460200000) (1024K)]
=>0x0000024ef4848e10 JavaThread "C2 CompilerThread0"         daemon [_thread_in_native, id=20716, stack(0x000000b460200000,0x000000b460300000) (1024K)]
  0x0000024ef487bcf0 JavaThread "C1 CompilerThread0"         daemon [_thread_blocked, id=8240, stack(0x000000b460300000,0x000000b460400000) (1024K)]
  0x0000024edcd38a20 JavaThread "Common-Cleaner"             daemon [_thread_blocked, id=19164, stack(0x000000b460400000,0x000000b460500000) (1024K)]
  0x0000024ef497b190 JavaThread "C1 CompilerThread1"         daemon [_thread_blocked, id=9608, stack(0x000000b460500000,0x000000b460600000) (1024K)]
  0x0000024ef497da70 JavaThread "C1 CompilerThread2"         daemon [_thread_blocked, id=8764, stack(0x000000b460600000,0x000000b460700000) (1024K)]
  0x0000024ef497aac0 JavaThread "C1 CompilerThread3"         daemon [_thread_blocked, id=13620, stack(0x000000b460800000,0x000000b460900000) (1024K)]
  0x0000024ef4b9ee00 JavaThread "Notification Thread"        daemon [_thread_blocked, id=3988, stack(0x000000b460900000,0x000000b460a00000) (1024K)]
  0x0000024efad0ece0 JavaThread "Active Thread: Equinox Container: b72496dc-bdc2-403d-94bb-c77e62627da3"        [_thread_blocked, id=15368, stack(0x000000b461100000,0x000000b461200000) (1024K)]
  0x0000024efad0f370 JavaThread "Refresh Thread: Equinox Container: b72496dc-bdc2-403d-94bb-c77e62627da3" daemon [_thread_blocked, id=19060, stack(0x000000b461400000,0x000000b461500000) (1024K)]
  0x0000024efad11440 JavaThread "Framework Event Dispatcher: Equinox Container: b72496dc-bdc2-403d-94bb-c77e62627da3" daemon [_thread_blocked, id=10452, stack(0x000000b461500000,0x000000b461600000) (1024K)]
  0x0000024efad0fa00 JavaThread "Start Level: Equinox Container: b72496dc-bdc2-403d-94bb-c77e62627da3" daemon [_thread_blocked, id=16004, stack(0x000000b461600000,0x000000b461700000) (1024K)]
  0x0000024efad0e650 JavaThread "Bundle File Closer"         daemon [_thread_blocked, id=6292, stack(0x000000b461700000,0x000000b461800000) (1024K)]
  0x0000024efad10090 JavaThread "SCR Component Actor"        daemon [_thread_blocked, id=15580, stack(0x000000b461b00000,0x000000b461c00000) (1024K)]
  0x0000024efad10720 JavaThread "SCR Component Registry"     daemon [_thread_blocked, id=5212, stack(0x000000b461c00000,0x000000b461d00000) (1024K)]
  0x0000024efad10db0 JavaThread "Worker-JM"                         [_thread_blocked, id=5444, stack(0x000000b461f00000,0x000000b462000000) (1024K)]
  0x0000024efad0dfc0 JavaThread "JNA Cleaner"                daemon [_thread_blocked, id=2660, stack(0x000000b460700000,0x000000b460800000) (1024K)]
  0x0000024efb5d26b0 JavaThread "Worker-0"                          [_thread_blocked, id=13176, stack(0x000000b460a00000,0x000000b460b00000) (1024K)]
  0x0000024efb5d3a60 JavaThread "Worker-1: Java indexing... "        [_thread_blocked, id=20108, stack(0x000000b461000000,0x000000b461100000) (1024K)]
  0x0000024ef497b860 JavaThread "C2 CompilerThread1"         daemon [_thread_in_native, id=8476, stack(0x000000b462000000,0x000000b462100000) (1024K)]
  0x0000024ef497bf30 JavaThread "C2 CompilerThread2"         daemon [_thread_in_native, id=5800, stack(0x000000b462100000,0x000000b462200000) (1024K)]
  0x0000024efb5d2d40 JavaThread "Java indexing"              daemon [_thread_in_Java, id=21424, stack(0x000000b462200000,0x000000b462300000) (1024K)]
  0x0000024efb5d1990 JavaThread "Worker-2: Repository registry initialization"        [_thread_in_Java, id=5108, stack(0x000000b462600000,0x000000b462700000) (1024K)]
  0x0000024efb5d4e10 JavaThread "Worker-3"                          [_thread_blocked, id=19352, stack(0x000000b462700000,0x000000b462800000) (1024K)]
  0x0000024efb5d33d0 JavaThread "Thread-2"                   daemon [_thread_in_native, id=18820, stack(0x000000b462800000,0x000000b462900000) (1024K)]
  0x0000024efb5d2020 JavaThread "Thread-3"                   daemon [_thread_in_native, id=12948, stack(0x000000b462900000,0x000000b462a00000) (1024K)]
  0x0000024efb5d54a0 JavaThread "Thread-4"                   daemon [_thread_in_native, id=14948, stack(0x000000b462a00000,0x000000b462b00000) (1024K)]
  0x0000024efb5d40f0 JavaThread "Thread-5"                   daemon [_thread_in_native, id=3528, stack(0x000000b462b00000,0x000000b462c00000) (1024K)]
  0x0000024efb5d5b30 JavaThread "Thread-6"                   daemon [_thread_in_native, id=17064, stack(0x000000b462c00000,0x000000b462d00000) (1024K)]
  0x0000024efb5d61c0 JavaThread "Thread-7"                   daemon [_thread_in_native, id=12484, stack(0x000000b462d00000,0x000000b462e00000) (1024K)]
  0x0000024efb5d6850 JavaThread "Thread-8"                   daemon [_thread_in_native, id=11756, stack(0x000000b462e00000,0x000000b462f00000) (1024K)]
  0x0000024efb5d6ee0 JavaThread "Thread-9"                   daemon [_thread_in_native, id=3576, stack(0x000000b462f00000,0x000000b463000000) (1024K)]
  0x0000024efb5d7570 JavaThread "Thread-10"                  daemon [_thread_in_native, id=11712, stack(0x000000b463000000,0x000000b463100000) (1024K)]
  0x0000024efb5d7c00 JavaThread "Thread-11"                  daemon [_thread_in_native, id=10508, stack(0x000000b463100000,0x000000b463200000) (1024K)]
  0x0000024efb5d4780 JavaThread "Thread-12"                  daemon [_thread_in_native, id=4200, stack(0x000000b463200000,0x000000b463300000) (1024K)]
  0x0000024efb5d8920 JavaThread "Thread-13"                  daemon [_thread_in_native, id=16628, stack(0x000000b463300000,0x000000b463400000) (1024K)]
  0x0000024efb5d8290 JavaThread "Thread-14"                  daemon [_thread_in_native, id=4684, stack(0x000000b463400000,0x000000b463500000) (1024K)]
  0x0000024efb5d8fb0 JavaThread "Thread-15"                  daemon [_thread_in_native, id=13384, stack(0x000000b463500000,0x000000b463600000) (1024K)]
  0x0000024efd524c20 JavaThread "Thread-16"                  daemon [_thread_in_native, id=13652, stack(0x000000b463600000,0x000000b463700000) (1024K)]
  0x0000024efd5231e0 JavaThread "Thread-17"                  daemon [_thread_in_native, id=8324, stack(0x000000b463700000,0x000000b463800000) (1024K)]
  0x0000024efd523870 JavaThread "Thread-18"                  daemon [_thread_in_native, id=7612, stack(0x000000b463800000,0x000000b463900000) (1024K)]
  0x0000024efd522b50 JavaThread "pool-2-thread-1"                   [_thread_blocked, id=8532, stack(0x000000b463900000,0x000000b463a00000) (1024K)]
  0x0000024ef497e140 JavaThread "C2 CompilerThread3"         daemon [_thread_in_native, id=21220, stack(0x000000b463a00000,0x000000b463b00000) (1024K)]
  0x0000024ef497c600 JavaThread "C2 CompilerThread4"         daemon [_thread_in_native, id=3288, stack(0x000000b463b00000,0x000000b463c00000) (1024K)]
  0x0000024ef497ccd0 JavaThread "C2 CompilerThread5"         daemon [_thread_in_native, id=21024, stack(0x000000b463c00000,0x000000b463d00000) (1024K)]
  0x0000024efe68ebe0 JavaThread "C2 CompilerThread6"         daemon [_thread_in_vm, id=18704, stack(0x000000b463d00000,0x000000b463e00000) (1024K)]
  0x0000024efd525940 JavaThread "Worker-4: Building"                [_thread_blocked, id=6808, stack(0x000000b463e00000,0x000000b463f00000) (1024K)]
  0x0000024efd5224c0 JavaThread "Worker-5"                          [_thread_blocked, id=9268, stack(0x000000b463f00000,0x000000b464000000) (1024K)]
  0x0000024efd526cf0 JavaThread "WorkspaceEventsHandler"            [_thread_blocked, id=13300, stack(0x000000b464000000,0x000000b464100000) (1024K)]
  0x0000024efd527380 JavaThread "pool-1-thread-1"                   [_thread_blocked, id=17660, stack(0x000000b464100000,0x000000b464200000) (1024K)]
  0x0000024efe68c9d0 JavaThread "C2 CompilerThread7"         daemon [_thread_in_native, id=18420, stack(0x000000b464200000,0x000000b464300000) (1024K)]
Total: 57

Other Threads:
  0x0000024ef48332d0 VMThread "VM Thread"                           [id=16644, stack(0x000000b45fb00000,0x000000b45fc00000) (1024K)]
  0x0000024ef305ca00 WatcherThread "VM Periodic Task Thread"        [id=17216, stack(0x000000b45fa00000,0x000000b45fb00000) (1024K)]
  0x0000024edcce9840 WorkerThread "GC Thread#0"                     [id=19972, stack(0x000000b45f900000,0x000000b45fa00000) (1024K)]
  0x0000024efa975e70 WorkerThread "GC Thread#1"                     [id=1832, stack(0x000000b460b00000,0x000000b460c00000) (1024K)]
  0x0000024efa8ca590 WorkerThread "GC Thread#2"                     [id=18072, stack(0x000000b460c00000,0x000000b460d00000) (1024K)]
  0x0000024efa8ca930 WorkerThread "GC Thread#3"                     [id=18632, stack(0x000000b460d00000,0x000000b460e00000) (1024K)]
  0x0000024efa8cacd0 WorkerThread "GC Thread#4"                     [id=8740, stack(0x000000b460e00000,0x000000b460f00000) (1024K)]
  0x0000024efa8cb070 WorkerThread "GC Thread#5"                     [id=12216, stack(0x000000b460f00000,0x000000b461000000) (1024K)]
  0x0000024efaac7680 WorkerThread "GC Thread#6"                     [id=8972, stack(0x000000b461200000,0x000000b461300000) (1024K)]
  0x0000024efaac7a20 WorkerThread "GC Thread#7"                     [id=21356, stack(0x000000b461300000,0x000000b461400000) (1024K)]
  0x0000024efb35a8b0 WorkerThread "GC Thread#8"                     [id=21092, stack(0x000000b461800000,0x000000b461900000) (1024K)]
  0x0000024efb35b060 WorkerThread "GC Thread#9"                     [id=3120, stack(0x000000b461900000,0x000000b461a00000) (1024K)]
  0x0000024efb640180 WorkerThread "GC Thread#10"                    [id=17160, stack(0x000000b461a00000,0x000000b461b00000) (1024K)]
  0x0000024efaabfc40 WorkerThread "GC Thread#11"                    [id=11120, stack(0x000000b461d00000,0x000000b461e00000) (1024K)]
  0x0000024efaabf500 WorkerThread "GC Thread#12"                    [id=400, stack(0x000000b461e00000,0x000000b461f00000) (1024K)]
Total: 15

Threads with active compile tasks:
C2 CompilerThread0  5501 6043       4       jdk.internal.jimage.ImageLocation::getFullName (109 bytes)
C2 CompilerThread1  5501 7337       4       org.eclipse.jdt.internal.core.search.indexing.BinaryIndexer::extractReferenceFromConstantPool (358 bytes)
C2 CompilerThread2  5501 7332   !   4       java.lang.String::<init> (890 bytes)
C2 CompilerThread3  5501 7338       4       org.eclipse.jdt.core.Signature::appendClassTypeSignature (323 bytes)
C2 CompilerThread4  5501 7325   !   4       java.nio.file.FileTreeWalker::next (144 bytes)
C2 CompilerThread5  5501 7063 % !   4       org.eclipse.jdt.internal.compiler.classfmt.ClassFileReader::<init> @ 81 (2135 bytes)
C2 CompilerThread6  5501 7307   !   4       java.nio.file.FileTreeWalker::visit (204 bytes)
C2 CompilerThread7  5501 7313   !   4       jdk.internal.jrtfs.JrtDirectoryStream$1::hasNext (41 bytes)
Total: 8

VM state: not at safepoint (normal execution)

VM Mutex/Monitor currently owned by a thread: None

Heap address: 0x00000000c0000000, size: 1024 MB, Compressed Oops mode: 32-bit

CDS archive(s) mapped at: [0x0000024e80000000-0x0000024e80ba0000-0x0000024e80ba0000), size 12189696, SharedBaseAddress: 0x0000024e80000000, ArchiveRelocationMode: 1.
Compressed class space mapped at: 0x0000024e81000000-0x0000024ec1000000, reserved size: 1073741824
Narrow klass base: 0x0000024e80000000, Narrow klass shift: 0, Narrow klass range: 0x100000000

GC Precious Log:
 CardTable entry size: 512
 CPUs: 16 total, 16 available
 Memory: 16310M
 Large Page Support: Disabled
 NUMA Support: Disabled
 Compressed Oops: Enabled (32-bit)
 Alignments: Space 512K, Generation 512K, Heap 2M
 Heap Min Capacity: 100M
 Heap Initial Capacity: 100M
 Heap Max Capacity: 1G
 Pre-touch: Disabled
 Parallel Workers: 13

Heap:
 PSYoungGen      total 19456K, used 16902K [0x00000000eab00000, 0x00000000ec380000, 0x0000000100000000)
  eden space 15872K, 86% used [0x00000000eab00000,0x00000000eb85d410,0x00000000eba80000)
  from space 3584K, 89% used [0x00000000ec000000,0x00000000ec3246d0,0x00000000ec380000)
  to   space 4096K, 0% used [0x00000000ebb80000,0x00000000ebb80000,0x00000000ebf80000)
 ParOldGen       total 68608K, used 60535K [0x00000000c0000000, 0x00000000c4300000, 0x00000000eab00000)
  object space 68608K, 88% used [0x00000000c0000000,0x00000000c3b1dfd0,0x00000000c4300000)
 Metaspace       used 43908K, committed 45120K, reserved 1114112K
  class space    used 4474K, committed 4992K, reserved 1048576K

Card table byte_map: [0x0000024ef0a10000,0x0000024ef0c20000] _byte_map_base: 0x0000024ef0410000

Marking Bits: (ParMarkBitMap*) 0x00007ffa8f502250
 Begin Bits: [0x0000024ef0d80000, 0x0000024ef1d80000)
 End Bits:   [0x0000024ef1d80000, 0x0000024ef2d80000)

Polling page: 0x0000024edcd90000

Metaspace:

Usage:
  Non-class:     38.51 MB used.
      Class:      4.37 MB used.
       Both:     42.88 MB used.

Virtual space:
  Non-class space:       64.00 MB reserved,      39.19 MB ( 61%) committed,  1 nodes.
      Class space:        1.00 GB reserved,       4.88 MB ( <1%) committed,  1 nodes.
             Both:        1.06 GB reserved,      44.06 MB (  4%) committed. 

Chunk freelists:
   Non-Class:  8.39 MB
       Class:  11.08 MB
        Both:  19.47 MB

MaxMetaspaceSize: unlimited
CompressedClassSpaceSize: 1.00 GB
Initial GC threshold: 21.00 MB
Current GC threshold: 58.38 MB
CDS: on
 - commit_granule_bytes: 65536.
 - commit_granule_words: 8192.
 - virtual_space_node_default_size: 8388608.
 - enlarge_chunks_in_place: 1.
 - use_allocation_guard: 0.


Internal statistics:

num_allocs_failed_limit: 6.
num_arena_births: 942.
num_arena_deaths: 14.
num_vsnodes_births: 2.
num_vsnodes_deaths: 0.
num_space_committed: 705.
num_space_uncommitted: 0.
num_chunks_returned_to_freelist: 20.
num_chunks_taken_from_freelist: 2978.
num_chunk_merges: 12.
num_chunk_splits: 1809.
num_chunks_enlarged: 953.
num_inconsistent_stats: 0.

CodeHeap 'non-profiled nmethods': size=119168Kb used=3287Kb max_used=3287Kb free=115880Kb
 bounds [0x0000024ee93d0000, 0x0000024ee9710000, 0x0000024ef0830000]
CodeHeap 'profiled nmethods': size=119104Kb used=14235Kb max_used=14235Kb free=104868Kb
 bounds [0x0000024ee1830000, 0x0000024ee2620000, 0x0000024ee8c80000]
CodeHeap 'non-nmethods': size=7488Kb used=3071Kb max_used=3191Kb free=4416Kb
 bounds [0x0000024ee8c80000, 0x0000024ee8fb0000, 0x0000024ee93d0000]
 total_blobs=7347 nmethods=6663 adapters=587
 compilation: enabled
              stopped_count=0, restarted_count=0
 full_count=0

Compilation events (20 events):
Event: 5.391 Thread 0x0000024ef497b860 7201       4       org.eclipse.jdt.internal.compiler.classfmt.MethodInfo::getMethodDescriptor (49 bytes)
Event: 5.392 Thread 0x0000024ef497bf30 nmethod 5706 0x0000024ee96df690 code [0x0000024ee96df820, 0x0000024ee96df918]
Event: 5.393 Thread 0x0000024ef497e140 7187       4       org.eclipse.jdt.internal.core.search.indexing.BinaryIndexer::extractClassReference (30 bytes)
Event: 5.395 Thread 0x0000024ef497bf30 5663       4       java.lang.invoke.DirectMethodHandle$Holder::newInvokeSpecial (21 bytes)
Event: 5.400 Thread 0x0000024ef497da70 7318       1       java.util.stream.ReduceOps$Box::get (5 bytes)
Event: 5.401 Thread 0x0000024ef497da70 nmethod 7318 0x0000024ee96dfa10 code [0x0000024ee96dfba0, 0x0000024ee96dfc68]
Event: 5.401 Thread 0x0000024ef497bf30 nmethod 5663 0x0000024ee96dfd10 code [0x0000024ee96dfec0, 0x0000024ee96e00f0]
Event: 5.402 Thread 0x0000024ef497bf30 7228       4       org.eclipse.jdt.internal.compiler.classfmt.MethodInfo::getGenericSignature (49 bytes)
Event: 5.409 Thread 0x0000024ef497e140 nmethod 7187 0x0000024ee96e0290 code [0x0000024ee96e0460, 0x0000024ee96e0910]
Event: 5.409 Thread 0x0000024ef497e140 7244       4       java.lang.StringBuilder::<init> (6 bytes)
Event: 5.410 Thread 0x0000024ef497e140 nmethod 7244 0x0000024ee96e0c90 code [0x0000024ee96e0e20, 0x0000024ee96e0fe0]
Event: 5.411 Thread 0x0000024ef497e140 6318       4       java.nio.file.Files::provider (10 bytes)
Event: 5.413 Thread 0x0000024ef497e140 nmethod 6318 0x0000024ee96e1090 code [0x0000024ee96e1220, 0x0000024ee96e1320]
Event: 5.414 Thread 0x0000024ef497e140 6251       4       jdk.internal.jrtfs.JrtPath::getFileSystem (5 bytes)
Event: 5.416 Thread 0x0000024ef497e140 nmethod 6251 0x0000024ee96e1490 code [0x0000024ee96e1620, 0x0000024ee96e16b0]
Event: 5.416 Thread 0x0000024ef497e140 6253       4       jdk.internal.jrtfs.JrtPath::getFileName (78 bytes)
Event: 5.417 Thread 0x0000024efe68ebe0 nmethod 6137 0x0000024ee96e1790 code [0x0000024ee96e1a00, 0x0000024ee96e26f8]
Event: 5.418 Thread 0x0000024ef497c600 nmethod 7213 0x0000024ee96e3110 code [0x0000024ee96e3360, 0x0000024ee96e3e10]
Event: 5.421 Thread 0x0000024efe68ebe0 7280       4       org.eclipse.jdt.internal.core.search.matching.MethodDeclarationPattern::getTypeErasure (122 bytes)
Event: 5.422 Thread 0x0000024ef497c600 7320       4       java.util.stream.SpinedBuffer::clear (88 bytes)

GC Heap History (20 events):
Event: 4.511 GC heap before
{Heap before GC invocations=21 (full 2):
 PSYoungGen      total 24576K, used 24425K [0x00000000eab00000, 0x00000000ec600000, 0x0000000100000000)
  eden space 22016K, 99% used [0x00000000eab00000,0x00000000ec073900,0x00000000ec080000)
  from space 2560K, 96% used [0x00000000ec380000,0x00000000ec5e6c18,0x00000000ec600000)
  to   space 2560K, 0% used [0x00000000ec100000,0x00000000ec100000,0x00000000ec380000)
 ParOldGen       total 68608K, used 26576K [0x00000000c0000000, 0x00000000c4300000, 0x00000000eab00000)
  object space 68608K, 38% used [0x00000000c0000000,0x00000000c19f4300,0x00000000c4300000)
 Metaspace       used 40021K, committed 41216K, reserved 1114112K
  class space    used 4014K, committed 4544K, reserved 1048576K
}
Event: 4.513 GC heap after
{Heap after GC invocations=21 (full 2):
 PSYoungGen      total 24576K, used 2534K [0x00000000eab00000, 0x00000000ecc80000, 0x0000000100000000)
  eden space 22016K, 0% used [0x00000000eab00000,0x00000000eab00000,0x00000000ec080000)
  from space 2560K, 99% used [0x00000000ec100000,0x00000000ec379ad0,0x00000000ec380000)
  to   space 6144K, 0% used [0x00000000ec680000,0x00000000ec680000,0x00000000ecc80000)
 ParOldGen       total 68608K, used 29552K [0x00000000c0000000, 0x00000000c4300000, 0x00000000eab00000)
  object space 68608K, 43% used [0x00000000c0000000,0x00000000c1cdc160,0x00000000c4300000)
 Metaspace       used 40021K, committed 41216K, reserved 1114112K
  class space    used 4014K, committed 4544K, reserved 1048576K
}
Event: 4.574 GC heap before
{Heap before GC invocations=22 (full 2):
 PSYoungGen      total 24576K, used 24484K [0x00000000eab00000, 0x00000000ecc80000, 0x0000000100000000)
  eden space 22016K, 99% used [0x00000000eab00000,0x00000000ec06f630,0x00000000ec080000)
  from space 2560K, 99% used [0x00000000ec100000,0x00000000ec379ad0,0x00000000ec380000)
  to   space 6144K, 0% used [0x00000000ec680000,0x00000000ec680000,0x00000000ecc80000)
 ParOldGen       total 68608K, used 29552K [0x00000000c0000000, 0x00000000c4300000, 0x00000000eab00000)
  object space 68608K, 43% used [0x00000000c0000000,0x00000000c1cdc160,0x00000000c4300000)
 Metaspace       used 40607K, committed 41856K, reserved 1114112K
  class space    used 4085K, committed 4608K, reserved 1048576K
}
Event: 4.575 GC heap after
{Heap after GC invocations=22 (full 2):
 PSYoungGen      total 26112K, used 4085K [0x00000000eab00000, 0x00000000eca80000, 0x0000000100000000)
  eden space 22016K, 0% used [0x00000000eab00000,0x00000000eab00000,0x00000000ec080000)
  from space 4096K, 99% used [0x00000000ec680000,0x00000000eca7d758,0x00000000eca80000)
  to   space 4608K, 0% used [0x00000000ec180000,0x00000000ec180000,0x00000000ec600000)
 ParOldGen       total 68608K, used 31925K [0x00000000c0000000, 0x00000000c4300000, 0x00000000eab00000)
  object space 68608K, 46% used [0x00000000c0000000,0x00000000c1f2d608,0x00000000c4300000)
 Metaspace       used 40607K, committed 41856K, reserved 1114112K
  class space    used 4085K, committed 4608K, reserved 1048576K
}
Event: 4.628 GC heap before
{Heap before GC invocations=23 (full 2):
 PSYoungGen      total 26112K, used 26101K [0x00000000eab00000, 0x00000000eca80000, 0x0000000100000000)
  eden space 22016K, 100% used [0x00000000eab00000,0x00000000ec080000,0x00000000ec080000)
  from space 4096K, 99% used [0x00000000ec680000,0x00000000eca7d758,0x00000000eca80000)
  to   space 4608K, 0% used [0x00000000ec180000,0x00000000ec180000,0x00000000ec600000)
 ParOldGen       total 68608K, used 31925K [0x00000000c0000000, 0x00000000c4300000, 0x00000000eab00000)
  object space 68608K, 46% used [0x00000000c0000000,0x00000000c1f2d608,0x00000000c4300000)
 Metaspace       used 41096K, committed 42304K, reserved 1114112K
  class space    used 4138K, committed 4672K, reserved 1048576K
}
Event: 4.630 GC heap after
{Heap after GC invocations=23 (full 2):
 PSYoungGen      total 26624K, used 4381K [0x00000000eab00000, 0x00000000ec980000, 0x0000000100000000)
  eden space 22016K, 0% used [0x00000000eab00000,0x00000000eab00000,0x00000000ec080000)
  from space 4608K, 95% used [0x00000000ec180000,0x00000000ec5c75a0,0x00000000ec600000)
  to   space 3584K, 0% used [0x00000000ec600000,0x00000000ec600000,0x00000000ec980000)
 ParOldGen       total 68608K, used 35542K [0x00000000c0000000, 0x00000000c4300000, 0x00000000eab00000)
  object space 68608K, 51% used [0x00000000c0000000,0x00000000c22b5848,0x00000000c4300000)
 Metaspace       used 41096K, committed 42304K, reserved 1114112K
  class space    used 4138K, committed 4672K, reserved 1048576K
}
Event: 4.701 GC heap before
{Heap before GC invocations=24 (full 2):
 PSYoungGen      total 26624K, used 26397K [0x00000000eab00000, 0x00000000ec980000, 0x0000000100000000)
  eden space 22016K, 100% used [0x00000000eab00000,0x00000000ec080000,0x00000000ec080000)
  from space 4608K, 95% used [0x00000000ec180000,0x00000000ec5c75a0,0x00000000ec600000)
  to   space 3584K, 0% used [0x00000000ec600000,0x00000000ec600000,0x00000000ec980000)
 ParOldGen       total 68608K, used 35542K [0x00000000c0000000, 0x00000000c4300000, 0x00000000eab00000)
  object space 68608K, 51% used [0x00000000c0000000,0x00000000c22b5848,0x00000000c4300000)
 Metaspace       used 41562K, committed 42880K, reserved 1114112K
  class space    used 4191K, committed 4736K, reserved 1048576K
}
Event: 4.705 GC heap after
{Heap after GC invocations=24 (full 2):
 PSYoungGen      total 19456K, used 3558K [0x00000000eab00000, 0x00000000ed780000, 0x0000000100000000)
  eden space 15872K, 0% used [0x00000000eab00000,0x00000000eab00000,0x00000000eba80000)
  from space 3584K, 99% used [0x00000000ec600000,0x00000000ec979ba0,0x00000000ec980000)
  to   space 11776K, 0% used [0x00000000eba80000,0x00000000eba80000,0x00000000ec600000)
 ParOldGen       total 68608K, used 42237K [0x00000000c0000000, 0x00000000c4300000, 0x00000000eab00000)
  object space 68608K, 61% used [0x00000000c0000000,0x00000000c293f578,0x00000000c4300000)
 Metaspace       used 41562K, committed 42880K, reserved 1114112K
  class space    used 4191K, committed 4736K, reserved 1048576K
}
Event: 4.740 GC heap before
{Heap before GC invocations=25 (full 2):
 PSYoungGen      total 19456K, used 19006K [0x00000000eab00000, 0x00000000ed780000, 0x0000000100000000)
  eden space 15872K, 97% used [0x00000000eab00000,0x00000000eba15ca8,0x00000000eba80000)
  from space 3584K, 99% used [0x00000000ec600000,0x00000000ec979ba0,0x00000000ec980000)
  to   space 11776K, 0% used [0x00000000eba80000,0x00000000eba80000,0x00000000ec600000)
 ParOldGen       total 68608K, used 42237K [0x00000000c0000000, 0x00000000c4300000, 0x00000000eab00000)
  object space 68608K, 61% used [0x00000000c0000000,0x00000000c293f578,0x00000000c4300000)
 Metaspace       used 41730K, committed 43008K, reserved 1114112K
  class space    used 4215K, committed 4736K, reserved 1048576K
}
Event: 4.742 GC heap after
{Heap after GC invocations=25 (full 2):
 PSYoungGen      total 20480K, used 4380K [0x00000000eab00000, 0x00000000ec780000, 0x0000000100000000)
  eden space 15872K, 0% used [0x00000000eab00000,0x00000000eab00000,0x00000000eba80000)
  from space 4608K, 95% used [0x00000000eba80000,0x00000000ebec7328,0x00000000ebf00000)
  to   space 6656K, 0% used [0x00000000ec100000,0x00000000ec100000,0x00000000ec780000)
 ParOldGen       total 68608K, used 45738K [0x00000000c0000000, 0x00000000c4300000, 0x00000000eab00000)
  object space 68608K, 66% used [0x00000000c0000000,0x00000000c2caa808,0x00000000c4300000)
 Metaspace       used 41730K, committed 43008K, reserved 1114112K
  class space    used 4215K, committed 4736K, reserved 1048576K
}
Event: 4.831 GC heap before
{Heap before GC invocations=26 (full 2):
 PSYoungGen      total 20480K, used 20252K [0x00000000eab00000, 0x00000000ec780000, 0x0000000100000000)
  eden space 15872K, 100% used [0x00000000eab00000,0x00000000eba80000,0x00000000eba80000)
  from space 4608K, 95% used [0x00000000eba80000,0x00000000ebec7328,0x00000000ebf00000)
  to   space 6656K, 0% used [0x00000000ec100000,0x00000000ec100000,0x00000000ec780000)
 ParOldGen       total 68608K, used 45738K [0x00000000c0000000, 0x00000000c4300000, 0x00000000eab00000)
  object space 68608K, 66% used [0x00000000c0000000,0x00000000c2caa808,0x00000000c4300000)
 Metaspace       used 42065K, committed 43264K, reserved 1114112K
  class space    used 4248K, committed 4736K, reserved 1048576K
}
Event: 4.837 GC heap after
{Heap after GC invocations=26 (full 2):
 PSYoungGen      total 19456K, used 3483K [0x00000000eab00000, 0x00000000ec480000, 0x0000000100000000)
  eden space 15872K, 0% used [0x00000000eab00000,0x00000000eab00000,0x00000000eba80000)
  from space 3584K, 97% used [0x00000000ec100000,0x00000000ec466ed0,0x00000000ec480000)
  to   space 4608K, 0% used [0x00000000ebb80000,0x00000000ebb80000,0x00000000ec000000)
 ParOldGen       total 68608K, used 49907K [0x00000000c0000000, 0x00000000c4300000, 0x00000000eab00000)
  object space 68608K, 72% used [0x00000000c0000000,0x00000000c30bcee8,0x00000000c4300000)
 Metaspace       used 42065K, committed 43264K, reserved 1114112K
  class space    used 4248K, committed 4736K, reserved 1048576K
}
Event: 4.929 GC heap before
{Heap before GC invocations=27 (full 2):
 PSYoungGen      total 19456K, used 19355K [0x00000000eab00000, 0x00000000ec480000, 0x0000000100000000)
  eden space 15872K, 100% used [0x00000000eab00000,0x00000000eba80000,0x00000000eba80000)
  from space 3584K, 97% used [0x00000000ec100000,0x00000000ec466ed0,0x00000000ec480000)
  to   space 4608K, 0% used [0x00000000ebb80000,0x00000000ebb80000,0x00000000ec000000)
 ParOldGen       total 68608K, used 49907K [0x00000000c0000000, 0x00000000c4300000, 0x00000000eab00000)
  object space 68608K, 72% used [0x00000000c0000000,0x00000000c30bcee8,0x00000000c4300000)
 Metaspace       used 42472K, committed 43712K, reserved 1114112K
  class space    used 4297K, committed 4800K, reserved 1048576K
}
Event: 4.932 GC heap after
{Heap after GC invocations=27 (full 2):
 PSYoungGen      total 19456K, used 3155K [0x00000000eab00000, 0x00000000ec180000, 0x0000000100000000)
  eden space 15872K, 0% used [0x00000000eab00000,0x00000000eab00000,0x00000000eba80000)
  from space 3584K, 88% used [0x00000000ebb80000,0x00000000ebe94ea0,0x00000000ebf00000)
  to   space 2560K, 0% used [0x00000000ebf00000,0x00000000ebf00000,0x00000000ec180000)
 ParOldGen       total 68608K, used 52796K [0x00000000c0000000, 0x00000000c4300000, 0x00000000eab00000)
  object space 68608K, 76% used [0x00000000c0000000,0x00000000c338f3c8,0x00000000c4300000)
 Metaspace       used 42472K, committed 43712K, reserved 1114112K
  class space    used 4297K, committed 4800K, reserved 1048576K
}
Event: 5.055 GC heap before
{Heap before GC invocations=28 (full 2):
 PSYoungGen      total 19456K, used 19027K [0x00000000eab00000, 0x00000000ec180000, 0x0000000100000000)
  eden space 15872K, 100% used [0x00000000eab00000,0x00000000eba80000,0x00000000eba80000)
  from space 3584K, 88% used [0x00000000ebb80000,0x00000000ebe94ea0,0x00000000ebf00000)
  to   space 2560K, 0% used [0x00000000ebf00000,0x00000000ebf00000,0x00000000ec180000)
 ParOldGen       total 68608K, used 52796K [0x00000000c0000000, 0x00000000c4300000, 0x00000000eab00000)
  object space 68608K, 76% used [0x00000000c0000000,0x00000000c338f3c8,0x00000000c4300000)
 Metaspace       used 42984K, committed 44224K, reserved 1114112K
  class space    used 4360K, committed 4864K, reserved 1048576K
}
Event: 5.056 GC heap after
{Heap after GC invocations=28 (full 2):
 PSYoungGen      total 18432K, used 2324K [0x00000000eab00000, 0x00000000ec180000, 0x0000000100000000)
  eden space 15872K, 0% used [0x00000000eab00000,0x00000000eab00000,0x00000000eba80000)
  from space 2560K, 90% used [0x00000000ebf00000,0x00000000ec145158,0x00000000ec180000)
  to   space 3072K, 0% used [0x00000000ebb80000,0x00000000ebb80000,0x00000000ebe80000)
 ParOldGen       total 68608K, used 55638K [0x00000000c0000000, 0x00000000c4300000, 0x00000000eab00000)
  object space 68608K, 81% used [0x00000000c0000000,0x00000000c3655b88,0x00000000c4300000)
 Metaspace       used 42984K, committed 44224K, reserved 1114112K
  class space    used 4360K, committed 4864K, reserved 1048576K
}
Event: 5.157 GC heap before
{Heap before GC invocations=29 (full 2):
 PSYoungGen      total 18432K, used 18196K [0x00000000eab00000, 0x00000000ec180000, 0x0000000100000000)
  eden space 15872K, 100% used [0x00000000eab00000,0x00000000eba80000,0x00000000eba80000)
  from space 2560K, 90% used [0x00000000ebf00000,0x00000000ec145158,0x00000000ec180000)
  to   space 3072K, 0% used [0x00000000ebb80000,0x00000000ebb80000,0x00000000ebe80000)
 ParOldGen       total 68608K, used 55638K [0x00000000c0000000, 0x00000000c4300000, 0x00000000eab00000)
  object space 68608K, 81% used [0x00000000c0000000,0x00000000c3655b88,0x00000000c4300000)
 Metaspace       used 43258K, committed 44480K, reserved 1114112K
  class space    used 4392K, committed 4928K, reserved 1048576K
}
Event: 5.160 GC heap after
{Heap after GC invocations=29 (full 2):
 PSYoungGen      total 18944K, used 3065K [0x00000000eab00000, 0x00000000ec580000, 0x0000000100000000)
  eden space 15872K, 0% used [0x00000000eab00000,0x00000000eab00000,0x00000000eba80000)
  from space 3072K, 99% used [0x00000000ebb80000,0x00000000ebe7e6b0,0x00000000ebe80000)
  to   space 5632K, 0% used [0x00000000ec000000,0x00000000ec000000,0x00000000ec580000)
 ParOldGen       total 68608K, used 57702K [0x00000000c0000000, 0x00000000c4300000, 0x00000000eab00000)
  object space 68608K, 84% used [0x00000000c0000000,0x00000000c3859870,0x00000000c4300000)
 Metaspace       used 43258K, committed 44480K, reserved 1114112K
  class space    used 4392K, committed 4928K, reserved 1048576K
}
Event: 5.406 GC heap before
{Heap before GC invocations=30 (full 2):
 PSYoungGen      total 18944K, used 18937K [0x00000000eab00000, 0x00000000ec580000, 0x0000000100000000)
  eden space 15872K, 100% used [0x00000000eab00000,0x00000000eba80000,0x00000000eba80000)
  from space 3072K, 99% used [0x00000000ebb80000,0x00000000ebe7e6b0,0x00000000ebe80000)
  to   space 5632K, 0% used [0x00000000ec000000,0x00000000ec000000,0x00000000ec580000)
 ParOldGen       total 68608K, used 57702K [0x00000000c0000000, 0x00000000c4300000, 0x00000000eab00000)
  object space 68608K, 84% used [0x00000000c0000000,0x00000000c3859870,0x00000000c4300000)
 Metaspace       used 43559K, committed 44736K, reserved 1114112K
  class space    used 4435K, committed 4928K, reserved 1048576K
}
Event: 5.408 GC heap after
{Heap after GC invocations=30 (full 2):
 PSYoungGen      total 19456K, used 3217K [0x00000000eab00000, 0x00000000ec380000, 0x0000000100000000)
  eden space 15872K, 0% used [0x00000000eab00000,0x00000000eab00000,0x00000000eba80000)
  from space 3584K, 89% used [0x00000000ec000000,0x00000000ec3246d0,0x00000000ec380000)
  to   space 4096K, 0% used [0x00000000ebb80000,0x00000000ebb80000,0x00000000ebf80000)
 ParOldGen       total 68608K, used 60535K [0x00000000c0000000, 0x00000000c4300000, 0x00000000eab00000)
  object space 68608K, 88% used [0x00000000c0000000,0x00000000c3b1dfd0,0x00000000c4300000)
 Metaspace       used 43559K, committed 44736K, reserved 1114112K
  class space    used 4435K, committed 4928K, reserved 1048576K
}

Dll operation events (10 events):
Event: 0.013 Loaded shared library c:\Users\ucasa\.vscode\extensions\redhat.java-1.39.0-win32-x64\jre\21.0.5-win32-x86_64\bin\java.dll
Event: 0.063 Loaded shared library c:\Users\ucasa\.vscode\extensions\redhat.java-1.39.0-win32-x64\jre\21.0.5-win32-x86_64\bin\zip.dll
Event: 0.079 Loaded shared library C:\Users\ucasa\.vscode\extensions\redhat.java-1.39.0-win32-x64\jre\21.0.5-win32-x86_64\bin\instrument.dll
Event: 0.082 Loaded shared library C:\Users\ucasa\.vscode\extensions\redhat.java-1.39.0-win32-x64\jre\21.0.5-win32-x86_64\bin\net.dll
Event: 0.083 Loaded shared library C:\Users\ucasa\.vscode\extensions\redhat.java-1.39.0-win32-x64\jre\21.0.5-win32-x86_64\bin\nio.dll
Event: 0.085 Loaded shared library C:\Users\ucasa\.vscode\extensions\redhat.java-1.39.0-win32-x64\jre\21.0.5-win32-x86_64\bin\zip.dll
Event: 0.097 Loaded shared library C:\Users\ucasa\.vscode\extensions\redhat.java-1.39.0-win32-x64\jre\21.0.5-win32-x86_64\bin\jimage.dll
Event: 0.148 Loaded shared library c:\Users\ucasa\.vscode\extensions\redhat.java-1.39.0-win32-x64\jre\21.0.5-win32-x86_64\bin\verify.dll
Event: 1.021 Loaded shared library C:\Users\ucasa\AppData\Roaming\Code\User\globalStorage\redhat.java\1.39.0\config_win\org.eclipse.equinox.launcher\org.eclipse.equinox.launcher.win32.win32.x86_64_1.2.1100.v20240722-2106\eclipse_11904.dll
Event: 2.079 Loaded shared library C:\Users\ucasa\AppData\Local\Temp\jna-111098145\jna3051874871928442053.dll

Deoptimization events (20 events):
Event: 4.802 Thread 0x0000024efb5d2d40 DEOPT PACKING pc=0x0000024ee1aa0afb sp=0x000000b4622fe310
Event: 4.802 Thread 0x0000024efb5d2d40 DEOPT UNPACKING pc=0x0000024ee8cd4242 sp=0x000000b4622fd848 mode 0
Event: 4.811 Thread 0x0000024efb5d2d40 DEOPT PACKING pc=0x0000024ee248c737 sp=0x000000b4622fe670
Event: 4.811 Thread 0x0000024efb5d2d40 DEOPT UNPACKING pc=0x0000024ee8cd4242 sp=0x000000b4622fdac8 mode 0
Event: 4.815 Thread 0x0000024efb5d2d40 DEOPT PACKING pc=0x0000024ee1aa0afb sp=0x000000b4622fe310
Event: 4.815 Thread 0x0000024efb5d2d40 DEOPT UNPACKING pc=0x0000024ee8cd4242 sp=0x000000b4622fd848 mode 0
Event: 4.827 Thread 0x0000024efb5d2d40 DEOPT PACKING pc=0x0000024ee1aa0afb sp=0x000000b4622fe310
Event: 4.827 Thread 0x0000024efb5d2d40 DEOPT UNPACKING pc=0x0000024ee8cd4242 sp=0x000000b4622fd848 mode 0
Event: 4.857 Thread 0x0000024efb5d2d40 DEOPT PACKING pc=0x0000024ee1aa0afb sp=0x000000b4622fe310
Event: 4.857 Thread 0x0000024efb5d2d40 DEOPT UNPACKING pc=0x0000024ee8cd4242 sp=0x000000b4622fd848 mode 0
Event: 4.874 Thread 0x0000024efb5d2d40 DEOPT PACKING pc=0x0000024ee1aa0afb sp=0x000000b4622fe310
Event: 4.874 Thread 0x0000024efb5d2d40 DEOPT UNPACKING pc=0x0000024ee8cd4242 sp=0x000000b4622fd848 mode 0
Event: 4.927 Thread 0x0000024efb5d1990 DEOPT PACKING pc=0x0000024ee2588b53 sp=0x000000b4626fe4b0
Event: 4.927 Thread 0x0000024efb5d1990 DEOPT UNPACKING pc=0x0000024ee8cd4242 sp=0x000000b4626fd920 mode 0
Event: 5.138 Thread 0x0000024efb5d2d40 DEOPT PACKING pc=0x0000024ee2464597 sp=0x000000b4622fe6b0
Event: 5.138 Thread 0x0000024efb5d2d40 DEOPT UNPACKING pc=0x0000024ee8cd4242 sp=0x000000b4622fdaa0 mode 0
Event: 5.252 Thread 0x0000024efb5d2d40 Uncommon trap: trap_request=0xffffff6e fr.pc=0x0000024ee969adec relative=0x000000000000032c
Event: 5.252 Thread 0x0000024efb5d2d40 Uncommon trap: reason=loop_limit_check action=maybe_recompile pc=0x0000024ee969adec method=org.eclipse.jdt.core.compiler.CharOperation.concatWith([[CC)[C @ 121 c2
Event: 5.261 Thread 0x0000024efb5d2d40 DEOPT PACKING pc=0x0000024ee969adec sp=0x000000b4622fe4c0
Event: 5.261 Thread 0x0000024efb5d2d40 DEOPT UNPACKING pc=0x0000024ee8cd3aa2 sp=0x000000b4622fe470 mode 2

Classes loaded (20 events):
Event: 4.633 Loading class java/util/ImmutableCollections$SubList
Event: 4.634 Loading class java/util/ImmutableCollections$SubList done
Event: 4.668 Loading class java/nio/file/attribute/PosixFileAttributes
Event: 4.668 Loading class java/nio/file/attribute/PosixFileAttributes done
Event: 4.680 Loading class java/nio/file/attribute/PosixFileAttributeView
Event: 4.680 Loading class java/nio/file/attribute/PosixFileAttributeView done
Event: 4.733 Loading class java/nio/file/DirectoryIteratorException
Event: 4.733 Loading class java/nio/file/DirectoryIteratorException done
Event: 4.739 Loading class java/time/DateTimeException
Event: 4.739 Loading class java/time/DateTimeException done
Event: 4.739 Loading class java/util/regex/PatternSyntaxException
Event: 4.739 Loading class java/util/regex/PatternSyntaxException done
Event: 4.796 Loading class sun/nio/ch/WindowsAsynchronousFileChannelImpl$WriteTask
Event: 4.796 Loading class sun/nio/ch/WindowsAsynchronousFileChannelImpl$WriteTask done
Event: 4.820 Loading class jdk/internal/math/FormattedFPDecimal
Event: 4.820 Loading class jdk/internal/math/FormattedFPDecimal done
Event: 5.271 Loading class sun/reflect/annotation/AnnotatedTypeFactory$AnnotatedParameterizedTypeImpl
Event: 5.272 Loading class java/lang/reflect/AnnotatedParameterizedType
Event: 5.272 Loading class java/lang/reflect/AnnotatedParameterizedType done
Event: 5.275 Loading class sun/reflect/annotation/AnnotatedTypeFactory$AnnotatedParameterizedTypeImpl done

Classes unloaded (7 events):
Event: 2.590 Thread 0x0000024ef48332d0 Unloading class 0x0000024e811a4c00 'java/lang/invoke/LambdaForm$MH+0x0000024e811a4c00'
Event: 2.590 Thread 0x0000024ef48332d0 Unloading class 0x0000024e811a4800 'java/lang/invoke/LambdaForm$MH+0x0000024e811a4800'
Event: 2.590 Thread 0x0000024ef48332d0 Unloading class 0x0000024e811a4400 'java/lang/invoke/LambdaForm$MH+0x0000024e811a4400'
Event: 2.590 Thread 0x0000024ef48332d0 Unloading class 0x0000024e811a4000 'java/lang/invoke/LambdaForm$MH+0x0000024e811a4000'
Event: 2.590 Thread 0x0000024ef48332d0 Unloading class 0x0000024e811a3c00 'java/lang/invoke/LambdaForm$BMH+0x0000024e811a3c00'
Event: 2.590 Thread 0x0000024ef48332d0 Unloading class 0x0000024e811a3800 'java/lang/invoke/LambdaForm$DMH+0x0000024e811a3800'
Event: 2.590 Thread 0x0000024ef48332d0 Unloading class 0x0000024e811a2400 'java/lang/invoke/LambdaForm$DMH+0x0000024e811a2400'

Classes redefined (0 events):
No events

Internal exceptions (20 events):
Event: 4.457 Thread 0x0000024efb5d26b0 Exception <a 'java/io/FileNotFoundException'{0x00000000eb2d5f40}> (0x00000000eb2d5f40) 
thrown [s\src\hotspot\share\prims\jni.cpp, line 520]
Event: 4.457 Thread 0x0000024efb5d26b0 Exception <a 'java/io/FileNotFoundException'{0x00000000eb2d6f80}> (0x00000000eb2d6f80) 
thrown [s\src\hotspot\share\prims\jni.cpp, line 520]
Event: 4.457 Thread 0x0000024efb5d26b0 Exception <a 'java/io/FileNotFoundException'{0x00000000eb2d7d10}> (0x00000000eb2d7d10) 
thrown [s\src\hotspot\share\prims\jni.cpp, line 520]
Event: 4.487 Thread 0x0000024efd525940 Exception <a 'sun/nio/fs/WindowsException'{0x00000000eb92ed10}> (0x00000000eb92ed10) 
thrown [s\src\hotspot\share\prims\jni.cpp, line 520]
Event: 4.487 Thread 0x0000024efd525940 Exception <a 'sun/nio/fs/WindowsException'{0x00000000eb94c3a0}> (0x00000000eb94c3a0) 
thrown [s\src\hotspot\share\prims\jni.cpp, line 520]
Event: 4.528 Thread 0x0000024efd525940 Exception <a 'sun/nio/fs/WindowsException'{0x00000000eb109380}> (0x00000000eb109380) 
thrown [s\src\hotspot\share\prims\jni.cpp, line 520]
Event: 4.528 Thread 0x0000024efd525940 Exception <a 'sun/nio/fs/WindowsException'{0x00000000eb109d48}> (0x00000000eb109d48) 
thrown [s\src\hotspot\share\prims\jni.cpp, line 520]
Event: 4.541 Thread 0x0000024efb5d2d40 Implicit null exception at 0x0000024ee944eeda to 0x0000024ee944efd8
Event: 4.562 Thread 0x0000024efd527380 Exception <a 'java/io/FileNotFoundException'{0x00000000ebbe8d58}> (0x00000000ebbe8d58) 
thrown [s\src\hotspot\share\prims\jni.cpp, line 520]
Event: 4.594 Thread 0x0000024efd525940 Exception <a 'java/io/FileNotFoundException'{0x00000000eb118408}> (0x00000000eb118408) 
thrown [s\src\hotspot\share\prims\jni.cpp, line 520]
Event: 4.595 Thread 0x0000024efd525940 Exception <a 'java/io/FileNotFoundException'{0x00000000eb279c50}> (0x00000000eb279c50) 
thrown [s\src\hotspot\share\prims\jni.cpp, line 520]
Event: 4.602 Thread 0x0000024efd525940 Exception <a 'java/io/FileNotFoundException'{0x00000000eb3b6160}> (0x00000000eb3b6160) 
thrown [s\src\hotspot\share\prims\jni.cpp, line 520]
Event: 4.602 Thread 0x0000024efd525940 Exception <a 'java/io/FileNotFoundException'{0x00000000eb56f278}> (0x00000000eb56f278) 
thrown [s\src\hotspot\share\prims\jni.cpp, line 520]
Event: 4.602 Thread 0x0000024efd525940 Exception <a 'java/io/FileNotFoundException'{0x00000000eb5702c8}> (0x00000000eb5702c8) 
thrown [s\src\hotspot\share\prims\jni.cpp, line 520]
Event: 4.605 Thread 0x0000024efd527380 Exception <a 'java/lang/NoSuchMethodError'{0x00000000eb662a68}: 'java.lang.Object java.lang.invoke.DirectMethodHandle$Holder.invokeStatic(java.lang.Object, int, java.lang.Object, java.lang.Object)'> (0x00000000eb662a68) 
thrown [s\src\hotspot\share\interpreter\linkResolver.cpp, line 773]
Event: 4.606 Thread 0x0000024efd527380 Exception <a 'java/lang/NoSuchMethodError'{0x00000000eb6c1f38}: 'java.lang.Object java.lang.invoke.DelegatingMethodHandle$Holder.delegate(java.lang.Object, int, java.lang.Object, java.lang.Object)'> (0x00000000eb6c1f38) 
thrown [s\src\hotspot\share\interpreter\linkResolver.cpp, line 773]
Event: 4.608 Thread 0x0000024efd527380 Implicit null exception at 0x0000024ee94ad676 to 0x0000024ee94ad9ac
Event: 4.610 Thread 0x0000024efd527380 Exception <a 'java/lang/NoSuchMethodError'{0x00000000eb7f6900}: 'int java.lang.invoke.Invokers$Holder.linkToTargetMethod(java.lang.Object, java.lang.Object, java.lang.Object)'> (0x00000000eb7f6900) 
thrown [s\src\hotspot\share\interpreter\linkResolver.cpp, line 773]
Event: 4.625 Thread 0x0000024efb5d1990 Exception <a 'java/lang/NoClassDefFoundError'{0x00000000ebecd718}: javax/enterprise/inject/Typed> (0x00000000ebecd718) 
thrown [s\src\hotspot\share\classfile\systemDictionary.cpp, line 301]
Event: 4.811 Thread 0x0000024efd525940 Exception <a 'java/lang/NoSuchMethodError'{0x00000000eb591338}: 'int java.lang.invoke.DirectMethodHandle$Holder.invokeSpecialIFC(java.lang.Object, java.lang.Object, java.lang.Object, java.lang.Object)'> (0x00000000eb591338) 
thrown [s\src\hotspot\share\interpreter\linkResolver.cpp, line 773]

ZGC Phase Switch (0 events):
No events

VM Operations (20 events):
Event: 4.628 Executing VM operation: ParallelGCFailedAllocation (Allocation Failure)
Event: 4.630 Executing VM operation: ParallelGCFailedAllocation (Allocation Failure) done
Event: 4.679 Executing VM operation: HandshakeAllThreads (Deoptimize)
Event: 4.679 Executing VM operation: HandshakeAllThreads (Deoptimize) done
Event: 4.701 Executing VM operation: ParallelGCFailedAllocation (Allocation Failure)
Event: 4.705 Executing VM operation: ParallelGCFailedAllocation (Allocation Failure) done
Event: 4.733 Executing VM operation: HandshakeAllThreads (Deoptimize)
Event: 4.733 Executing VM operation: HandshakeAllThreads (Deoptimize) done
Event: 4.740 Executing VM operation: ParallelGCFailedAllocation (Allocation Failure)
Event: 4.742 Executing VM operation: ParallelGCFailedAllocation (Allocation Failure) done
Event: 4.830 Executing VM operation: ParallelGCFailedAllocation (Allocation Failure)
Event: 4.837 Executing VM operation: ParallelGCFailedAllocation (Allocation Failure) done
Event: 4.929 Executing VM operation: ParallelGCFailedAllocation (Allocation Failure)
Event: 4.932 Executing VM operation: ParallelGCFailedAllocation (Allocation Failure) done
Event: 5.054 Executing VM operation: ParallelGCFailedAllocation (Allocation Failure)
Event: 5.056 Executing VM operation: ParallelGCFailedAllocation (Allocation Failure) done
Event: 5.157 Executing VM operation: ParallelGCFailedAllocation (Allocation Failure)
Event: 5.160 Executing VM operation: ParallelGCFailedAllocation (Allocation Failure) done
Event: 5.405 Executing VM operation: ParallelGCFailedAllocation (Allocation Failure)
Event: 5.408 Executing VM operation: ParallelGCFailedAllocation (Allocation Failure) done

Memory protections (0 events):
No events

Nmethod flushes (20 events):
Event: 3.829 Thread 0x0000024ef48332d0 flushing  nmethod 0x0000024ee1f3f710
Event: 3.829 Thread 0x0000024ef48332d0 flushing  nmethod 0x0000024ee1f3fb10
Event: 3.829 Thread 0x0000024ef48332d0 flushing  nmethod 0x0000024ee1f40410
Event: 3.829 Thread 0x0000024ef48332d0 flushing  nmethod 0x0000024ee1f41e10
Event: 3.829 Thread 0x0000024ef48332d0 flushing  nmethod 0x0000024ee1f43b10
Event: 3.829 Thread 0x0000024ef48332d0 flushing  nmethod 0x0000024ee1f44010
Event: 3.829 Thread 0x0000024ef48332d0 flushing  nmethod 0x0000024ee1f44910
Event: 3.829 Thread 0x0000024ef48332d0 flushing  nmethod 0x0000024ee1f45d10
Event: 3.829 Thread 0x0000024ef48332d0 flushing  nmethod 0x0000024ee1f47210
Event: 3.829 Thread 0x0000024ef48332d0 flushing  nmethod 0x0000024ee1f49210
Event: 3.829 Thread 0x0000024ef48332d0 flushing  nmethod 0x0000024ee1f87890
Event: 3.829 Thread 0x0000024ef48332d0 flushing  nmethod 0x0000024ee1f8e010
Event: 3.829 Thread 0x0000024ef48332d0 flushing  nmethod 0x0000024ee1fb3810
Event: 3.829 Thread 0x0000024ef48332d0 flushing  nmethod 0x0000024ee2026010
Event: 3.829 Thread 0x0000024ef48332d0 flushing  nmethod 0x0000024ee2030110
Event: 3.829 Thread 0x0000024ef48332d0 flushing  nmethod 0x0000024ee2044710
Event: 3.829 Thread 0x0000024ef48332d0 flushing  nmethod 0x0000024ee2045110
Event: 3.829 Thread 0x0000024ef48332d0 flushing  nmethod 0x0000024ee206ed10
Event: 3.829 Thread 0x0000024ef48332d0 flushing  nmethod 0x0000024ee208fe10
Event: 3.829 Thread 0x0000024ef48332d0 flushing  nmethod 0x0000024ee2090290

Events (20 events):
Event: 3.434 Thread 0x0000024edccca360 Thread added: 0x0000024efb5d6ee0
Event: 3.434 Thread 0x0000024edccca360 Thread added: 0x0000024efb5d7570
Event: 3.434 Thread 0x0000024edccca360 Thread added: 0x0000024efb5d7c00
Event: 3.434 Thread 0x0000024edccca360 Thread added: 0x0000024efb5d4780
Event: 3.434 Thread 0x0000024edccca360 Thread added: 0x0000024efb5d8920
Event: 3.435 Thread 0x0000024edccca360 Thread added: 0x0000024efb5d8290
Event: 3.435 Thread 0x0000024edccca360 Thread added: 0x0000024efb5d8fb0
Event: 3.435 Thread 0x0000024edccca360 Thread added: 0x0000024efd524c20
Event: 3.435 Thread 0x0000024edccca360 Thread added: 0x0000024efd5231e0
Event: 3.435 Thread 0x0000024edccca360 Thread added: 0x0000024efd523870
Event: 3.453 Thread 0x0000024edccca360 Thread added: 0x0000024efd522b50
Event: 3.455 Thread 0x0000024ef487bcf0 Thread added: 0x0000024ef497e140
Event: 3.455 Thread 0x0000024ef487bcf0 Thread added: 0x0000024ef497c600
Event: 3.459 Thread 0x0000024ef497aac0 Thread added: 0x0000024ef497ccd0
Event: 3.459 Thread 0x0000024ef487bcf0 Thread added: 0x0000024efe68ebe0
Event: 3.714 Thread 0x0000024efb5d4e10 Thread added: 0x0000024efd525940
Event: 3.717 Thread 0x0000024efb5d4e10 Thread added: 0x0000024efd5224c0
Event: 3.991 Thread 0x0000024edccca360 Thread added: 0x0000024efd526cf0
Event: 3.991 Thread 0x0000024edccca360 Thread added: 0x0000024efd527380
Event: 4.059 Thread 0x0000024ef487bcf0 Thread added: 0x0000024efe68c9d0


Dynamic libraries:
0x00007ff7886d0000 - 0x00007ff7886de000 	c:\Users\ucasa\.vscode\extensions\redhat.java-1.39.0-win32-x64\jre\21.0.5-win32-x86_64\bin\java.exe
0x00007ffb0ac00000 - 0x00007ffb0ae63000 	C:\WINDOWS\SYSTEM32\ntdll.dll
0x00007ffb08ba0000 - 0x00007ffb08c67000 	C:\WINDOWS\System32\KERNEL32.DLL
0x00007ffb085c0000 - 0x00007ffb08987000 	C:\WINDOWS\System32\KERNELBASE.dll
0x00007ffb081b0000 - 0x00007ffb082fc000 	C:\WINDOWS\System32\ucrtbase.dll
0x00007ffb00940000 - 0x00007ffb0095e000 	c:\Users\ucasa\.vscode\extensions\redhat.java-1.39.0-win32-x64\jre\21.0.5-win32-x86_64\bin\VCRUNTIME140.dll
0x00007ffaf2900000 - 0x00007ffaf2918000 	c:\Users\ucasa\.vscode\extensions\redhat.java-1.39.0-win32-x64\jre\21.0.5-win32-x86_64\bin\jli.dll
0x00007ffb08f50000 - 0x00007ffb09119000 	C:\WINDOWS\System32\USER32.dll
0x00007ffae4f30000 - 0x00007ffae51c0000 	C:\WINDOWS\WinSxS\amd64_microsoft.windows.common-controls_6595b64144ccf1df_6.0.26100.3037_none_3e09262ce333c378\COMCTL32.dll
0x00007ffb084f0000 - 0x00007ffb08517000 	C:\WINDOWS\System32\win32u.dll
0x00007ffb0a9f0000 - 0x00007ffb0aa1a000 	C:\WINDOWS\System32\GDI32.dll
0x00007ffb083c0000 - 0x00007ffb084eb000 	C:\WINDOWS\System32\gdi32full.dll
0x00007ffb08af0000 - 0x00007ffb08b99000 	C:\WINDOWS\System32\msvcrt.dll
0x00007ffb08990000 - 0x00007ffb08a33000 	C:\WINDOWS\System32\msvcp_win.dll
0x00007ffb09870000 - 0x00007ffb0989f000 	C:\WINDOWS\System32\IMM32.DLL
0x00007ffaf8c50000 - 0x00007ffaf8c5c000 	c:\Users\ucasa\.vscode\extensions\redhat.java-1.39.0-win32-x64\jre\21.0.5-win32-x86_64\bin\vcruntime140_1.dll
0x00007ffaee210000 - 0x00007ffaee29d000 	c:\Users\ucasa\.vscode\extensions\redhat.java-1.39.0-win32-x64\jre\21.0.5-win32-x86_64\bin\msvcp140.dll
0x00007ffa8e850000 - 0x00007ffa8f5df000 	c:\Users\ucasa\.vscode\extensions\redhat.java-1.39.0-win32-x64\jre\21.0.5-win32-x86_64\bin\server\jvm.dll
0x00007ffb0aa20000 - 0x00007ffb0aad4000 	C:\WINDOWS\System32\ADVAPI32.dll
0x00007ffb097c0000 - 0x00007ffb09866000 	C:\WINDOWS\System32\sechost.dll
0x00007ffb091a0000 - 0x00007ffb092b6000 	C:\WINDOWS\System32\RPCRT4.dll
0x00007ffb09630000 - 0x00007ffb096a4000 	C:\WINDOWS\System32\WS2_32.dll
0x00007ffb07c70000 - 0x00007ffb07cbe000 	C:\WINDOWS\SYSTEM32\POWRPROF.dll
0x00007ffafa280000 - 0x00007ffafa28b000 	C:\WINDOWS\SYSTEM32\VERSION.dll
0x00007ffafbb70000 - 0x00007ffafbba6000 	C:\WINDOWS\SYSTEM32\WINMM.dll
0x00007ffb07c50000 - 0x00007ffb07c64000 	C:\WINDOWS\SYSTEM32\UMPDC.dll
0x00007ffb06d90000 - 0x00007ffb06daa000 	C:\WINDOWS\SYSTEM32\kernel.appcore.dll
0x00007ffaf81b0000 - 0x00007ffaf81ba000 	c:\Users\ucasa\.vscode\extensions\redhat.java-1.39.0-win32-x64\jre\21.0.5-win32-x86_64\bin\jimage.dll
0x00007ffafa3e0000 - 0x00007ffafa621000 	C:\WINDOWS\SYSTEM32\DBGHELP.DLL
0x00007ffb09fd0000 - 0x00007ffb0a34e000 	C:\WINDOWS\System32\combase.dll
0x00007ffb0aae0000 - 0x00007ffb0abb6000 	C:\WINDOWS\System32\OLEAUT32.dll
0x00007ffb03060000 - 0x00007ffb03099000 	C:\WINDOWS\SYSTEM32\dbgcore.DLL
0x00007ffb08520000 - 0x00007ffb085b9000 	C:\WINDOWS\System32\bcryptPrimitives.dll
0x00007ffaf80a0000 - 0x00007ffaf80af000 	c:\Users\ucasa\.vscode\extensions\redhat.java-1.39.0-win32-x64\jre\21.0.5-win32-x86_64\bin\instrument.dll
0x00007ffaef770000 - 0x00007ffaef78f000 	c:\Users\ucasa\.vscode\extensions\redhat.java-1.39.0-win32-x64\jre\21.0.5-win32-x86_64\bin\java.dll
0x00007ffb098b0000 - 0x00007ffb09fb4000 	C:\WINDOWS\System32\SHELL32.dll
0x00007ffb05c80000 - 0x00007ffb064b7000 	C:\WINDOWS\SYSTEM32\windows.storage.dll
0x00007ffb096d0000 - 0x00007ffb097b9000 	C:\WINDOWS\System32\SHCORE.dll
0x00007ffb08ef0000 - 0x00007ffb08f4d000 	C:\WINDOWS\System32\shlwapi.dll
0x00007ffb07eb0000 - 0x00007ffb07ede000 	C:\WINDOWS\SYSTEM32\profapi.dll
0x00007ffaeedb0000 - 0x00007ffaeedc8000 	c:\Users\ucasa\.vscode\extensions\redhat.java-1.39.0-win32-x64\jre\21.0.5-win32-x86_64\bin\zip.dll
0x00007ffaf7d60000 - 0x00007ffaf7d70000 	C:\Users\ucasa\.vscode\extensions\redhat.java-1.39.0-win32-x64\jre\21.0.5-win32-x86_64\bin\net.dll
0x00007ffb01a70000 - 0x00007ffb01b8e000 	C:\WINDOWS\SYSTEM32\WINHTTP.dll
0x00007ffb07280000 - 0x00007ffb072e8000 	C:\WINDOWS\system32\mswsock.dll
0x00007ffaeeaa0000 - 0x00007ffaeeab6000 	C:\Users\ucasa\.vscode\extensions\redhat.java-1.39.0-win32-x64\jre\21.0.5-win32-x86_64\bin\nio.dll
0x00007ffaf79c0000 - 0x00007ffaf79d0000 	c:\Users\ucasa\.vscode\extensions\redhat.java-1.39.0-win32-x64\jre\21.0.5-win32-x86_64\bin\verify.dll
0x00007ffaebba0000 - 0x00007ffaebbe5000 	C:\Users\ucasa\AppData\Roaming\Code\User\globalStorage\redhat.java\1.39.0\config_win\org.eclipse.equinox.launcher\org.eclipse.equinox.launcher.win32.win32.x86_64_1.2.1100.v20240722-2106\eclipse_11904.dll
0x00007ffb09490000 - 0x00007ffb09625000 	C:\WINDOWS\System32\ole32.dll
0x00007ffb07630000 - 0x00007ffb0764c000 	C:\WINDOWS\SYSTEM32\CRYPTSP.dll
0x00007ffb06cf0000 - 0x00007ffb06d28000 	C:\WINDOWS\system32\rsaenh.dll
0x00007ffb07320000 - 0x00007ffb0734b000 	C:\WINDOWS\SYSTEM32\USERENV.dll
0x00007ffb077c0000 - 0x00007ffb077e6000 	C:\WINDOWS\SYSTEM32\bcrypt.dll
0x00007ffb074b0000 - 0x00007ffb074bc000 	C:\WINDOWS\SYSTEM32\CRYPTBASE.dll
0x00007ffb06800000 - 0x00007ffb06832000 	C:\WINDOWS\SYSTEM32\IPHLPAPI.DLL
0x00007ffb09fc0000 - 0x00007ffb09fca000 	C:\WINDOWS\System32\NSI.dll
0x00007ffaebab0000 - 0x00007ffaebaf9000 	C:\Users\ucasa\AppData\Local\Temp\jna-111098145\jna3051874871928442053.dll
0x00007ffb092c0000 - 0x00007ffb092c8000 	C:\WINDOWS\System32\PSAPI.DLL
0x00007ffb02a60000 - 0x00007ffb02a7f000 	C:\WINDOWS\SYSTEM32\dhcpcsvc6.DLL
0x00007ffb01170000 - 0x00007ffb01195000 	C:\WINDOWS\SYSTEM32\dhcpcsvc.DLL

dbghelp: loaded successfully - version: 4.0.5 - missing functions: none
symbol engine: initialized successfully - sym options: 0x614 - pdb path: .;c:\Users\ucasa\.vscode\extensions\redhat.java-1.39.0-win32-x64\jre\21.0.5-win32-x86_64\bin;C:\WINDOWS\SYSTEM32;C:\WINDOWS\WinSxS\amd64_microsoft.windows.common-controls_6595b64144ccf1df_6.0.26100.3037_none_3e09262ce333c378;c:\Users\ucasa\.vscode\extensions\redhat.java-1.39.0-win32-x64\jre\21.0.5-win32-x86_64\bin\server;C:\Users\ucasa\AppData\Roaming\Code\User\globalStorage\redhat.java\1.39.0\config_win\org.eclipse.equinox.launcher\org.eclipse.equinox.launcher.win32.win32.x86_64_1.2.1100.v20240722-2106;C:\Users\ucasa\AppData\Local\Temp\jna-111098145

VM Arguments:
jvm_args: --add-modules=ALL-SYSTEM --add-opens=java.base/java.util=ALL-UNNAMED --add-opens=java.base/java.lang=ALL-UNNAMED --add-opens=java.base/sun.nio.fs=ALL-UNNAMED -Declipse.application=org.eclipse.jdt.ls.core.id1 -Dosgi.bundles.defaultStartLevel=4 -Declipse.product=org.eclipse.jdt.ls.core.product -Djava.import.generatesMetadataFilesAtProjectRoot=false -DDetectVMInstallationsJob.disabled=true -Dfile.encoding=utf8 -XX:+UseParallelGC -XX:GCTimeRatio=4 -XX:AdaptiveSizePolicyWeight=90 -Dsun.zip.disableMemoryMapping=true -Xmx1G -Xms100m -Xlog:disable -javaagent:c:\Users\ucasa\.vscode\extensions\redhat.java-1.39.0-win32-x64\lombok\lombok-1.18.34.jar -XX:+HeapDumpOnOutOfMemoryError -XX:HeapDumpPath=c:\Users\ucasa\AppData\Roaming\Code\User\workspaceStorage\25ad30e44756727551485f225a39adc6\redhat.java -Daether.dependencyCollector.impl=bf 
java_command: c:\Users\ucasa\.vscode\extensions\redhat.java-1.39.0-win32-x64\server\plugins\org.eclipse.equinox.launcher_1.6.900.v20240613-2009.jar -configuration c:\Users\ucasa\AppData\Roaming\Code\User\globalStorage\redhat.java\1.39.0\config_win -data c:\Users\ucasa\AppData\Roaming\Code\User\workspaceStorage\25ad30e44756727551485f225a39adc6\redhat.java\jdt_ws --pipe=\\.\pipe\lsp-0b2b4099b0be27452ec8f5bfde855718-sock
java_class_path (initial): c:\Users\ucasa\.vscode\extensions\redhat.java-1.39.0-win32-x64\server\plugins\org.eclipse.equinox.launcher_1.6.900.v20240613-2009.jar
Launcher Type: SUN_STANDARD

[Global flags]
    uintx AdaptiveSizePolicyWeight                 = 90                                        {product} {command line}
     intx CICompilerCount                          = 12                                        {product} {ergonomic}
    uintx GCTimeRatio                              = 4                                         {product} {command line}
     bool HeapDumpOnOutOfMemoryError               = true                                   {manageable} {command line}
    ccstr HeapDumpPath                             = c:\Users\ucasa\AppData\Roaming\Code\User\workspaceStorage\25ad30e44756727551485f225a39adc6\redhat.java         {manageable} {command line}
   size_t InitialHeapSize                          = 104857600                                 {product} {command line}
   size_t MaxHeapSize                              = 1073741824                                {product} {command line}
   size_t MaxNewSize                               = 357564416                                 {product} {ergonomic}
   size_t MinHeapDeltaBytes                        = 524288                                    {product} {ergonomic}
   size_t MinHeapSize                              = 104857600                                 {product} {command line}
   size_t NewSize                                  = 34603008                                  {product} {ergonomic}
    uintx NonNMethodCodeHeapSize                   = 7602480                                {pd product} {ergonomic}
    uintx NonProfiledCodeHeapSize                  = 122027880                              {pd product} {ergonomic}
   size_t OldSize                                  = 70254592                                  {product} {ergonomic}
    uintx ProfiledCodeHeapSize                     = 122027880                              {pd product} {ergonomic}
    uintx ReservedCodeCacheSize                    = 251658240                              {pd product} {ergonomic}
     bool SegmentedCodeCache                       = true                                      {product} {ergonomic}
   size_t SoftMaxHeapSize                          = 1073741824                             {manageable} {ergonomic}
     bool UseCompressedOops                        = true                           {product lp64_product} {ergonomic}
     bool UseLargePagesIndividualAllocation        = false                                  {pd product} {ergonomic}
     bool UseParallelGC                            = true                                      {product} {command line}

Logging:
Log output configuration:
 #0: stdout all=off uptime,level,tags foldmultilines=false
 #1: stderr all=off uptime,level,tags foldmultilines=false

Environment Variables:
JAVA_HOME=C:\Program Files\Java\zulu21.30.15-ca-jdk21.0.1-win_x64
PATH=C:\Program Files\Java\zulu21.30.15-ca-jdk21.0.1-win_x64\bin;C:\WINDOWS\system32;C:\WINDOWS;C:\WINDOWS\System32\Wbem;C:\WINDOWS\System32\WindowsPowerShell\v1.0\;C:\WINDOWS\System32\OpenSSH\;C:\Program Files\Git\cmd;C:\Program Files\dotnet\;C:\Users\ucasa\AppData\Local\Programs\Python\Python312\Scripts\;C:\Users\ucasa\AppData\Local\Programs\Python\Python312\;C:\Users\ucasa\AppData\Local\Microsoft\WindowsApps;;C:\Program Files\JetBrains\PyCharm Community Edition 2023.3.2\bin;;C:\Users\ucasa\AppData\Local\Programs\Microsoft VS Code\bin
USERNAME=ucasa
OS=Windows_NT
PROCESSOR_IDENTIFIER=AMD64 Family 25 Model 33 Stepping 2, AuthenticAMD
TMP=C:\Users\ucasa\AppData\Local\Temp
TEMP=C:\Users\ucasa\AppData\Local\Temp




Periodic native trim disabled

---------------  S Y S T E M  ---------------

OS:
 Windows 11 , 64 bit Build 26100 (10.0.26100.3037)
OS uptime: 0 days 5:34 hours
Hyper-V role detected

CPU: total 16 (initial active 16) (16 cores per cpu, 2 threads per core) family 25 model 33 stepping 2 microcode 0xa20120a, cx8, cmov, fxsr, ht, mmx, 3dnowpref, sse, sse2, sse3, ssse3, sse4a, sse4.1, sse4.2, popcnt, lzcnt, tsc, tscinvbit, avx, avx2, aes, erms, clmul, bmi1, bmi2, adx, sha, fma, vzeroupper, clflush, clflushopt, hv, rdtscp, rdpid, fsrm, f16c, cet_ss
Processor Information for all 16 processors :
  Max Mhz: 3401, Current Mhz: 3401, Mhz Limit: 3401

Memory: 4k page, system-wide physical 16310M (8219M free)
TotalPageFile size 18998M (AvailPageFile size 7262M)
current process WorkingSet (physical memory assigned to process): 338M, peak: 362M
current process commit charge ("private bytes"): 390M, peak: 423M

vm_info: OpenJDK 64-Bit Server VM (21.0.5+11-LTS) for windows-amd64 JRE (21.0.5+11-LTS), built on 2024-10-15T00:00:00Z by "admin" with MS VC++ 17.7 (VS2022)

END.
